0 info it worked if it ends with ok
1 verbose cli [ '/usr/local/bin/node',
1 verbose cli   '/usr/local/bin/npm',
1 verbose cli   'install',
1 verbose cli   'bower',
1 verbose cli   '-g' ]
2 info using npm@4.0.1
3 info using node@v6.6.0
4 silly loadCurrentTree Starting
5 silly install loadCurrentTree
6 silly install readGlobalPackageData
7 silly fetchPackageMetaData bower
8 silly fetchNamedPackageData bower
9 silly mapToRegistry name bower
10 silly mapToRegistry using default registry
11 silly mapToRegistry registry https://registry.npmjs.org/
12 silly mapToRegistry data Result {
12 silly mapToRegistry   raw: 'bower',
12 silly mapToRegistry   scope: null,
12 silly mapToRegistry   escapedName: 'bower',
12 silly mapToRegistry   name: 'bower',
12 silly mapToRegistry   rawSpec: '',
12 silly mapToRegistry   spec: 'latest',
12 silly mapToRegistry   type: 'tag' }
13 silly mapToRegistry uri https://registry.npmjs.org/bower
14 verbose request uri https://registry.npmjs.org/bower
15 verbose request no auth needed
16 info attempt registry request try #1 at 10:04:29 AM
17 verbose request id 367764f0702fb8c9
18 verbose etag W/"589281d8-2adf7"
19 verbose lastModified Thu, 02 Feb 2017 00:48:24 GMT
20 http request GET https://registry.npmjs.org/bower
21 http 200 https://registry.npmjs.org/bower
22 verbose headers { server: 'nginx/1.10.1',
22 verbose headers   'content-type': 'application/json',
22 verbose headers   'last-modified': 'Mon, 20 Feb 2017 22:06:28 GMT',
22 verbose headers   etag: 'W/"58ab6864-2ae36"',
22 verbose headers   'content-encoding': 'gzip',
22 verbose headers   'cache-control': 'max-age=300',
22 verbose headers   'content-length': '16532',
22 verbose headers   'accept-ranges': 'bytes',
22 verbose headers   date: 'Tue, 21 Feb 2017 10:04:31 GMT',
22 verbose headers   via: '1.1 varnish',
22 verbose headers   age: '201',
22 verbose headers   connection: 'keep-alive',
22 verbose headers   'x-served-by': 'cache-sea1045-SEA',
22 verbose headers   'x-cache': 'HIT',
22 verbose headers   'x-cache-hits': '3',
22 verbose headers   'x-timer': 'S1487671471.979301,VS0,VE0',
22 verbose headers   vary: 'Accept-Encoding' }
23 silly get cb [ 200,
23 silly get   { server: 'nginx/1.10.1',
23 silly get     'content-type': 'application/json',
23 silly get     'last-modified': 'Mon, 20 Feb 2017 22:06:28 GMT',
23 silly get     etag: 'W/"58ab6864-2ae36"',
23 silly get     'content-encoding': 'gzip',
23 silly get     'cache-control': 'max-age=300',
23 silly get     'content-length': '16532',
23 silly get     'accept-ranges': 'bytes',
23 silly get     date: 'Tue, 21 Feb 2017 10:04:31 GMT',
23 silly get     via: '1.1 varnish',
23 silly get     age: '201',
23 silly get     connection: 'keep-alive',
23 silly get     'x-served-by': 'cache-sea1045-SEA',
23 silly get     'x-cache': 'HIT',
23 silly get     'x-cache-hits': '3',
23 silly get     'x-timer': 'S1487671471.979301,VS0,VE0',
23 silly get     vary: 'Accept-Encoding' } ]
24 verbose get saving bower to /Users/marlondc/.npm/registry.npmjs.org/bower/.cache.json
25 verbose correctMkdir /Users/marlondc/.npm correctMkdir not in flight; initializing
26 silly install normalizeTree
27 silly loadCurrentTree Finishing
28 silly loadIdealTree Starting
29 silly install loadIdealTree
30 silly cloneCurrentTree Starting
31 silly install cloneCurrentTreeToIdealTree
32 silly cloneCurrentTree Finishing
33 silly loadShrinkwrap Starting
34 silly install loadShrinkwrap
35 silly loadShrinkwrap Finishing
36 silly loadAllDepsIntoIdealTree Starting
37 silly install loadAllDepsIntoIdealTree
38 silly resolveWithNewModule bower@1.8.0 checking installable status
39 silly cache add args [ 'bower', null ]
40 verbose cache add spec bower
41 silly cache add parsed spec Result {
41 silly cache add   raw: 'bower',
41 silly cache add   scope: null,
41 silly cache add   escapedName: 'bower',
41 silly cache add   name: 'bower',
41 silly cache add   rawSpec: '',
41 silly cache add   spec: 'latest',
41 silly cache add   type: 'tag' }
42 silly addNamed bower@latest
43 verbose addNamed "latest" is being treated as a dist-tag for bower
44 info addNameTag [ 'bower', 'latest' ]
45 silly mapToRegistry name bower
46 silly mapToRegistry using default registry
47 silly mapToRegistry registry https://registry.npmjs.org/
48 silly mapToRegistry data Result {
48 silly mapToRegistry   raw: 'bower',
48 silly mapToRegistry   scope: null,
48 silly mapToRegistry   escapedName: 'bower',
48 silly mapToRegistry   name: 'bower',
48 silly mapToRegistry   rawSpec: '',
48 silly mapToRegistry   spec: 'latest',
48 silly mapToRegistry   type: 'tag' }
49 silly mapToRegistry uri https://registry.npmjs.org/bower
50 verbose addNameTag registry:https://registry.npmjs.org/bower not in flight; fetching
51 verbose get https://registry.npmjs.org/bower not expired, no request
52 silly addNameTag next cb for bower with tag latest
53 silly addNamed bower@1.8.0
54 verbose addNamed "1.8.0" is a plain semver version for bower
55 silly cache afterAdd bower@1.8.0
56 verbose afterAdd /Users/marlondc/.npm/bower/1.8.0/package/package.json not in flight; writing
57 verbose correctMkdir /Users/marlondc/.npm correctMkdir not in flight; initializing
58 verbose afterAdd /Users/marlondc/.npm/bower/1.8.0/package/package.json written
59 silly loadAllDepsIntoIdealTree Finishing
60 silly loadIdealTree Finishing
61 silly currentTree lib
61 silly currentTree └─┬ bower@1.5.3
61 silly currentTree   ├── abbrev@1.0.7
61 silly currentTree   ├── archy@1.0.0
61 silly currentTree   ├─┬ bower-config@0.6.1
61 silly currentTree   │ ├── graceful-fs@2.0.3
61 silly currentTree   │ ├── mout@0.9.1
61 silly currentTree   │ ├─┬ optimist@0.6.1
61 silly currentTree   │ │ ├── minimist@0.0.10
61 silly currentTree   │ │ └── wordwrap@0.0.3
61 silly currentTree   │ └── osenv@0.0.3
61 silly currentTree   ├── bower-endpoint-parser@0.2.2
61 silly currentTree   ├─┬ bower-json@0.4.0
61 silly currentTree   │ ├── deep-extend@0.2.11
61 silly currentTree   │ ├── graceful-fs@2.0.3
61 silly currentTree   │ └── intersect@0.0.3
61 silly currentTree   ├── bower-logger@0.2.2
61 silly currentTree   ├─┬ bower-registry-client@0.3.0
61 silly currentTree   │ ├── async@0.2.10
61 silly currentTree   │ ├── graceful-fs@2.0.3
61 silly currentTree   │ ├── lru-cache@2.3.1
61 silly currentTree   │ ├── mkdirp@0.3.5
61 silly currentTree   │ ├── request-replay@0.2.0
61 silly currentTree   │ ├─┬ request@2.51.0
61 silly currentTree   │ │ ├── aws-sign2@0.5.0
61 silly currentTree   │ │ ├─┬ bl@0.9.4
61 silly currentTree   │ │ │ └─┬ readable-stream@1.0.33
61 silly currentTree   │ │ │   ├── core-util-is@1.0.1
61 silly currentTree   │ │ │   ├── inherits@2.0.1
61 silly currentTree   │ │ │   ├── isarray@0.0.1
61 silly currentTree   │ │ │   └── string_decoder@0.10.31
61 silly currentTree   │ │ ├── caseless@0.8.0
61 silly currentTree   │ │ ├─┬ combined-stream@0.0.7
61 silly currentTree   │ │ │ └── delayed-stream@0.0.5
61 silly currentTree   │ │ ├── forever-agent@0.5.2
61 silly currentTree   │ │ ├─┬ form-data@0.2.0
61 silly currentTree   │ │ │ ├── async@0.9.2
61 silly currentTree   │ │ │ └─┬ mime-types@2.0.14
61 silly currentTree   │ │ │   └── mime-db@1.12.0
61 silly currentTree   │ │ ├─┬ hawk@1.1.1
61 silly currentTree   │ │ │ ├── boom@0.4.2
61 silly currentTree   │ │ │ ├── cryptiles@0.2.2
61 silly currentTree   │ │ │ ├── hoek@0.9.1
61 silly currentTree   │ │ │ └── sntp@0.2.4
61 silly currentTree   │ │ ├─┬ http-signature@0.10.1
61 silly currentTree   │ │ │ ├── asn1@0.1.11
61 silly currentTree   │ │ │ ├── assert-plus@0.1.5
61 silly currentTree   │ │ │ └── ctype@0.5.3
61 silly currentTree   │ │ ├── json-stringify-safe@5.0.1
61 silly currentTree   │ │ ├── mime-types@1.0.2
61 silly currentTree   │ │ ├── node-uuid@1.4.3
61 silly currentTree   │ │ ├── oauth-sign@0.5.0
61 silly currentTree   │ │ ├── qs@2.3.3
61 silly currentTree   │ │ ├── stringstream@0.0.4
61 silly currentTree   │ │ ├── tough-cookie@2.2.0
61 silly currentTree   │ │ └── tunnel-agent@0.4.1
61 silly currentTree   │ └── rimraf@2.2.8
61 silly currentTree   ├─┬ cardinal@0.4.4
61 silly currentTree   │ ├── ansicolors@0.2.1
61 silly currentTree   │ └─┬ redeyed@0.4.4
61 silly currentTree   │   └── esprima@1.0.4
61 silly currentTree   ├─┬ chalk@1.1.1
61 silly currentTree   │ ├── ansi-styles@2.1.0
61 silly currentTree   │ ├── escape-string-regexp@1.0.3
61 silly currentTree   │ ├─┬ has-ansi@2.0.0
61 silly currentTree   │ │ └── ansi-regex@2.0.0
61 silly currentTree   │ ├─┬ strip-ansi@3.0.0
61 silly currentTree   │ │ └── ansi-regex@2.0.0
61 silly currentTree   │ └── supports-color@2.0.0
61 silly currentTree   ├── chmodr@0.1.0
61 silly currentTree   ├─┬ configstore@0.3.2
61 silly currentTree   │ ├─┬ js-yaml@3.4.2
61 silly currentTree   │ │ ├─┬ argparse@1.0.2
61 silly currentTree   │ │ │ ├── lodash@3.10.1
61 silly currentTree   │ │ │ └── sprintf-js@1.0.3
61 silly currentTree   │ │ └── esprima@2.2.0
61 silly currentTree   │ ├── object-assign@2.1.1
61 silly currentTree   │ ├─┬ osenv@0.1.3
61 silly currentTree   │ │ ├── os-homedir@1.0.1
61 silly currentTree   │ │ └── os-tmpdir@1.0.1
61 silly currentTree   │ ├── uuid@2.0.1
61 silly currentTree   │ └── xdg-basedir@1.0.1
61 silly currentTree   ├─┬ decompress-zip@0.1.0
61 silly currentTree   │ ├─┬ binary@0.3.0
61 silly currentTree   │ │ ├── buffers@0.1.1
61 silly currentTree   │ │ └─┬ chainsaw@0.1.0
61 silly currentTree   │ │   └── traverse@0.3.9
61 silly currentTree   │ ├── mkpath@0.1.0
61 silly currentTree   │ ├─┬ readable-stream@1.1.13
61 silly currentTree   │ │ ├── core-util-is@1.0.1
61 silly currentTree   │ │ ├── inherits@2.0.1
61 silly currentTree   │ │ ├── isarray@0.0.1
61 silly currentTree   │ │ └── string_decoder@0.10.31
61 silly currentTree   │ └─┬ touch@0.0.3
61 silly currentTree   │   └── nopt@1.0.10
61 silly currentTree   ├─┬ fstream-ignore@1.0.2
61 silly currentTree   │ ├── inherits@2.0.1
61 silly currentTree   │ └─┬ minimatch@2.0.10
61 silly currentTree   │   └─┬ brace-expansion@1.1.1
61 silly currentTree   │     ├── balanced-match@0.2.0
61 silly currentTree   │     └── concat-map@0.0.1
61 silly currentTree   ├─┬ fstream@1.0.8
61 silly currentTree   │ ├── graceful-fs@4.1.2
61 silly currentTree   │ └── inherits@2.0.1
61 silly currentTree   ├─┬ github@0.2.4
61 silly currentTree   │ └── mime@1.3.4
61 silly currentTree   ├─┬ glob@4.5.3
61 silly currentTree   │ ├─┬ inflight@1.0.4
61 silly currentTree   │ │ └── wrappy@1.0.1
61 silly currentTree   │ ├── inherits@2.0.1
61 silly currentTree   │ ├─┬ minimatch@2.0.10
61 silly currentTree   │ │ └─┬ brace-expansion@1.1.1
61 silly currentTree   │ │   ├── balanced-match@0.2.0
61 silly currentTree   │ │   └── concat-map@0.0.1
61 silly currentTree   │ └─┬ once@1.3.2
61 silly currentTree   │   └── wrappy@1.0.1
61 silly currentTree   ├── graceful-fs@3.0.8
61 silly currentTree   ├─┬ handlebars@2.0.0
61 silly currentTree   │ ├─┬ optimist@0.3.7
61 silly currentTree   │ │ └── wordwrap@0.0.3
61 silly currentTree   │ └─┬ uglify-js@2.3.6
61 silly currentTree   │   ├── async@0.2.10
61 silly currentTree   │   └─┬ source-map@0.1.43
61 silly currentTree   │     └── amdefine@1.0.0
61 silly currentTree   ├─┬ inquirer@0.8.0
61 silly currentTree   │ ├── ansi-regex@1.1.1
61 silly currentTree   │ ├─┬ chalk@0.5.1
61 silly currentTree   │ │ ├── ansi-styles@1.1.0
61 silly currentTree   │ │ ├── escape-string-regexp@1.0.3
61 silly currentTree   │ │ ├─┬ has-ansi@0.1.0
61 silly currentTree   │ │ │ └── ansi-regex@0.2.1
61 silly currentTree   │ │ ├─┬ strip-ansi@0.3.0
61 silly currentTree   │ │ │ └── ansi-regex@0.2.1
61 silly currentTree   │ │ └── supports-color@0.2.0
61 silly currentTree   │ ├─┬ cli-color@0.3.3
61 silly currentTree   │ │ ├── d@0.1.1
61 silly currentTree   │ │ ├─┬ es5-ext@0.10.8
61 silly currentTree   │ │ │ ├── es6-iterator@2.0.0
61 silly currentTree   │ │ │ └── es6-symbol@3.0.0
61 silly currentTree   │ │ ├─┬ memoizee@0.3.9
61 silly currentTree   │ │ │ ├─┬ es6-weak-map@0.1.4
61 silly currentTree   │ │ │ │ ├── es6-iterator@0.1.3
61 silly currentTree   │ │ │ │ └── es6-symbol@2.0.1
61 silly currentTree   │ │ │ ├── event-emitter@0.3.4
61 silly currentTree   │ │ │ ├── lru-queue@0.1.0
61 silly currentTree   │ │ │ └── next-tick@0.2.2
61 silly currentTree   │ │ └─┬ timers-ext@0.1.0
61 silly currentTree   │ │   └── next-tick@0.2.2
61 silly currentTree   │ ├── figures@1.4.0
61 silly currentTree   │ ├── lodash@2.4.2
61 silly currentTree   │ ├── mute-stream@0.0.4
61 silly currentTree   │ ├─┬ readline2@0.1.1
61 silly currentTree   │ │ └── strip-ansi@2.0.1
61 silly currentTree   │ ├── rx@2.5.3
61 silly currentTree   │ └── through@2.3.8
61 silly currentTree   ├─┬ insight@0.7.0
61 silly currentTree   │ ├── async@1.4.2
61 silly currentTree   │ ├─┬ configstore@1.2.1
61 silly currentTree   │ │ ├── graceful-fs@4.1.2
61 silly currentTree   │ │ ├── object-assign@3.0.0
61 silly currentTree   │ │ ├── os-tmpdir@1.0.1
61 silly currentTree   │ │ ├─┬ osenv@0.1.3
61 silly currentTree   │ │ │ └── os-homedir@1.0.1
61 silly currentTree   │ │ ├── uuid@2.0.1
61 silly currentTree   │ │ ├─┬ write-file-atomic@1.1.3
61 silly currentTree   │ │ │ └── slide@1.1.6
61 silly currentTree   │ │ └─┬ xdg-basedir@2.0.0
61 silly currentTree   │ │   └── os-homedir@1.0.1
61 silly currentTree   │ ├─┬ inquirer@0.10.1
61 silly currentTree   │ │ ├── ansi-escapes@1.1.0
61 silly currentTree   │ │ ├── ansi-regex@2.0.0
61 silly currentTree   │ │ ├─┬ cli-cursor@1.0.2
61 silly currentTree   │ │ │ └─┬ restore-cursor@1.0.1
61 silly currentTree   │ │ │   ├── exit-hook@1.1.1
61 silly currentTree   │ │ │   └── onetime@1.0.0
61 silly currentTree   │ │ ├── cli-width@1.0.1
61 silly currentTree   │ │ ├── figures@1.4.0
61 silly currentTree   │ │ ├── lodash@3.10.1
61 silly currentTree   │ │ ├─┬ readline2@1.0.1
61 silly currentTree   │ │ │ ├─┬ code-point-at@1.0.0
61 silly currentTree   │ │ │ │ └── number-is-nan@1.0.0
61 silly currentTree   │ │ │ ├─┬ is-fullwidth-code-point@1.0.0
61 silly currentTree   │ │ │ │ └── number-is-nan@1.0.0
61 silly currentTree   │ │ │ └── mute-stream@0.0.5
61 silly currentTree   │ │ ├─┬ run-async@0.1.0
61 silly currentTree   │ │ │ └─┬ once@1.3.2
61 silly currentTree   │ │ │   └── wrappy@1.0.1
61 silly currentTree   │ │ ├── rx-lite@3.1.2
61 silly currentTree   │ │ ├── strip-ansi@3.0.0
61 silly currentTree   │ │ └── through@2.3.8
61 silly currentTree   │ ├─┬ lodash.debounce@3.1.1
61 silly currentTree   │ │ └── lodash._getnative@3.9.1
61 silly currentTree   │ ├── object-assign@4.0.1
61 silly currentTree   │ ├─┬ os-name@1.0.3
61 silly currentTree   │ │ ├─┬ osx-release@1.1.0
61 silly currentTree   │ │ │ └── minimist@1.2.0
61 silly currentTree   │ │ └─┬ win-release@1.1.1
61 silly currentTree   │ │   └── semver@5.0.3
61 silly currentTree   │ └── tough-cookie@2.2.0
61 silly currentTree   ├── is-root@1.0.0
61 silly currentTree   ├── junk@1.0.2
61 silly currentTree   ├── lockfile@1.0.1
61 silly currentTree   ├── lru-cache@2.7.0
61 silly currentTree   ├─┬ md5-hex@1.1.0
61 silly currentTree   │ └── md5-o-matic@0.1.1
61 silly currentTree   ├─┬ mkdirp@0.5.0
61 silly currentTree   │ └── minimist@0.0.8
61 silly currentTree   ├── mout@0.11.0
61 silly currentTree   ├── nopt@3.0.4
61 silly currentTree   ├── opn@1.0.2
61 silly currentTree   ├─┬ p-throttler@0.1.1
61 silly currentTree   │ └── q@0.9.7
61 silly currentTree   ├─┬ promptly@0.2.0
61 silly currentTree   │ └─┬ read@1.0.7
61 silly currentTree   │   └── mute-stream@0.0.5
61 silly currentTree   ├── q@1.4.1
61 silly currentTree   ├─┬ request-progress@0.3.1
61 silly currentTree   │ └── throttleit@0.0.2
61 silly currentTree   ├─┬ request@2.53.0
61 silly currentTree   │ ├── aws-sign2@0.5.0
61 silly currentTree   │ ├─┬ bl@0.9.4
61 silly currentTree   │ │ └─┬ readable-stream@1.0.33
61 silly currentTree   │ │   ├── core-util-is@1.0.1
61 silly currentTree   │ │   ├── inherits@2.0.1
61 silly currentTree   │ │   ├── isarray@0.0.1
61 silly currentTree   │ │   └── string_decoder@0.10.31
61 silly currentTree   │ ├── caseless@0.9.0
61 silly currentTree   │ ├─┬ combined-stream@0.0.7
61 silly currentTree   │ │ └── delayed-stream@0.0.5
61 silly currentTree   │ ├── forever-agent@0.5.2
61 silly currentTree   │ ├─┬ form-data@0.2.0
61 silly currentTree   │ │ └── async@0.9.2
61 silly currentTree   │ ├─┬ hawk@2.3.1
61 silly currentTree   │ │ ├── boom@2.9.0
61 silly currentTree   │ │ ├── cryptiles@2.0.5
61 silly currentTree   │ │ ├── hoek@2.16.3
61 silly currentTree   │ │ └── sntp@1.0.9
61 silly currentTree   │ ├─┬ http-signature@0.10.1
61 silly currentTree   │ │ ├── asn1@0.1.11
61 silly currentTree   │ │ ├── assert-plus@0.1.5
61 silly currentTree   │ │ └── ctype@0.5.3
61 silly currentTree   │ ├── isstream@0.1.2
61 silly currentTree   │ ├── json-stringify-safe@5.0.1
61 silly currentTree   │ ├─┬ mime-types@2.0.14
61 silly currentTree   │ │ └── mime-db@1.12.0
61 silly currentTree   │ ├── node-uuid@1.4.3
61 silly currentTree   │ ├── oauth-sign@0.6.0
61 silly currentTree   │ ├── qs@2.3.3
61 silly currentTree   │ ├── stringstream@0.0.4
61 silly currentTree   │ ├── tough-cookie@2.2.0
61 silly currentTree   │ └── tunnel-agent@0.4.1
61 silly currentTree   ├── retry@0.6.1
61 silly currentTree   ├─┬ rimraf@2.4.3
61 silly currentTree   │ └─┬ glob@5.0.15
61 silly currentTree   │   ├─┬ inflight@1.0.4
61 silly currentTree   │   │ └── wrappy@1.0.1
61 silly currentTree   │   ├── inherits@2.0.1
61 silly currentTree   │   ├─┬ minimatch@3.0.0
61 silly currentTree   │   │ └─┬ brace-expansion@1.1.1
61 silly currentTree   │   │   ├── balanced-match@0.2.0
61 silly currentTree   │   │   └── concat-map@0.0.1
61 silly currentTree   │   ├─┬ once@1.3.2
61 silly currentTree   │   │ └── wrappy@1.0.1
61 silly currentTree   │   └── path-is-absolute@1.0.0
61 silly currentTree   ├── semver@2.3.2
61 silly currentTree   ├─┬ shell-quote@1.4.3
61 silly currentTree   │ ├── array-filter@0.0.1
61 silly currentTree   │ ├── array-map@0.0.0
61 silly currentTree   │ ├── array-reduce@0.0.0
61 silly currentTree   │ └── jsonify@0.0.0
61 silly currentTree   ├── stringify-object@1.0.1
61 silly currentTree   ├─┬ tar-fs@1.8.1
61 silly currentTree   │ ├─┬ pump@1.0.0
61 silly currentTree   │ │ ├── end-of-stream@1.1.0
61 silly currentTree   │ │ └─┬ once@1.3.2
61 silly currentTree   │ │   └── wrappy@1.0.1
61 silly currentTree   │ └─┬ tar-stream@1.2.1
61 silly currentTree   │   ├── bl@1.0.0
61 silly currentTree   │   ├─┬ end-of-stream@1.1.0
61 silly currentTree   │   │ └─┬ once@1.3.2
61 silly currentTree   │   │   └── wrappy@1.0.1
61 silly currentTree   │   ├─┬ readable-stream@2.0.2
61 silly currentTree   │   │ ├── core-util-is@1.0.1
61 silly currentTree   │   │ ├── inherits@2.0.1
61 silly currentTree   │   │ ├── isarray@0.0.1
61 silly currentTree   │   │ ├── process-nextick-args@1.0.3
61 silly currentTree   │   │ ├── string_decoder@0.10.31
61 silly currentTree   │   │ └── util-deprecate@1.0.1
61 silly currentTree   │   └── xtend@4.0.0
61 silly currentTree   ├── tmp@0.0.24
61 silly currentTree   ├─┬ update-notifier@0.3.2
61 silly currentTree   │ ├── is-npm@1.0.0
61 silly currentTree   │ ├─┬ latest-version@1.0.1
61 silly currentTree   │ │ └─┬ package-json@1.2.0
61 silly currentTree   │ │   ├─┬ got@3.3.1
61 silly currentTree   │ │   │ ├─┬ duplexify@3.4.2
61 silly currentTree   │ │   │ │ ├─┬ end-of-stream@1.0.0
61 silly currentTree   │ │   │ │ │ └─┬ once@1.3.2
61 silly currentTree   │ │   │ │ │   └── wrappy@1.0.1
61 silly currentTree   │ │   │ │ └─┬ readable-stream@2.0.2
61 silly currentTree   │ │   │ │   ├── core-util-is@1.0.1
61 silly currentTree   │ │   │ │   ├── inherits@2.0.1
61 silly currentTree   │ │   │ │   ├── isarray@0.0.1
61 silly currentTree   │ │   │ │   ├── process-nextick-args@1.0.3
61 silly currentTree   │ │   │ │   ├── string_decoder@0.10.31
61 silly currentTree   │ │   │ │   └── util-deprecate@1.0.1
61 silly currentTree   │ │   │ ├── infinity-agent@2.0.3
61 silly currentTree   │ │   │ ├── is-redirect@1.0.0
61 silly currentTree   │ │   │ ├── is-stream@1.0.1
61 silly currentTree   │ │   │ ├── lowercase-keys@1.0.0
61 silly currentTree   │ │   │ ├─┬ nested-error-stacks@1.0.1
61 silly currentTree   │ │   │ │ └── inherits@2.0.1
61 silly currentTree   │ │   │ ├── object-assign@3.0.0
61 silly currentTree   │ │   │ ├── prepend-http@1.0.3
61 silly currentTree   │ │   │ ├─┬ read-all-stream@3.0.1
61 silly currentTree   │ │   │ │ ├─┬ pinkie-promise@1.0.0
61 silly currentTree   │ │   │ │ │ └── pinkie@1.0.0
61 silly currentTree   │ │   │ │ └─┬ readable-stream@2.0.2
61 silly currentTree   │ │   │ │   ├── core-util-is@1.0.1
61 silly currentTree   │ │   │ │   ├── inherits@2.0.1
61 silly currentTree   │ │   │ │   ├── isarray@0.0.1
61 silly currentTree   │ │   │ │   ├── process-nextick-args@1.0.3
61 silly currentTree   │ │   │ │   ├── string_decoder@0.10.31
61 silly currentTree   │ │   │ │   └── util-deprecate@1.0.1
61 silly currentTree   │ │   │ └── timed-out@2.0.0
61 silly currentTree   │ │   └─┬ registry-url@3.0.3
61 silly currentTree   │ │     └─┬ rc@1.1.2
61 silly currentTree   │ │       ├── deep-extend@0.2.11
61 silly currentTree   │ │       ├── ini@1.3.4
61 silly currentTree   │ │       ├── minimist@1.2.0
61 silly currentTree   │ │       └── strip-json-comments@0.1.3
61 silly currentTree   │ ├─┬ semver-diff@2.0.0
61 silly currentTree   │ │ └── semver@4.3.6
61 silly currentTree   │ └─┬ string-length@1.0.1
61 silly currentTree   │   └─┬ strip-ansi@3.0.0
61 silly currentTree   │     └── ansi-regex@2.0.0
61 silly currentTree   ├── user-home@1.1.1
61 silly currentTree   └─┬ which@1.1.2
61 silly currentTree     └─┬ is-absolute@0.1.7
61 silly currentTree       └── is-relative@0.1.3
62 silly idealTree lib
62 silly idealTree └── bower@1.8.0
63 silly generateActionsToTake Starting
64 silly install generateActionsToTake
65 warn checkPermissions Missing write access to /usr/local/lib/node_modules/bower/node_modules/bower-config/node_modules/graceful-fs
66 warn checkPermissions Missing write access to /usr/local/lib/node_modules/bower/node_modules/abbrev
67 warn checkPermissions Missing write access to /usr/local/lib/node_modules/bower/node_modules/bower-config/node_modules/mout
68 warn checkPermissions Missing write access to /usr/local/lib/node_modules/bower/node_modules/bower-config/node_modules/optimist/node_modules/minimist
69 warn checkPermissions Missing write access to /usr/local/lib/node_modules/bower/node_modules/bower-config/node_modules/optimist/node_modules/wordwrap
70 warn checkPermissions Missing write access to /usr/local/lib/node_modules/bower/node_modules/bower-config/node_modules/optimist
71 warn checkPermissions Missing write access to /usr/local/lib/node_modules/bower/node_modules/bower-config/node_modules/osenv
72 warn checkPermissions Missing write access to /usr/local/lib/node_modules/bower/node_modules/bower-config
73 warn checkPermissions Missing write access to /usr/local/lib/node_modules/bower/node_modules/bower-json/node_modules/deep-extend
74 warn checkPermissions Missing write access to /usr/local/lib/node_modules/bower/node_modules/bower-json/node_modules/graceful-fs
75 warn checkPermissions Missing write access to /usr/local/lib/node_modules/bower/node_modules/bower-registry-client/node_modules/async
76 warn checkPermissions Missing write access to /usr/local/lib/node_modules/bower/node_modules/bower-registry-client/node_modules/graceful-fs
77 warn checkPermissions Missing write access to /usr/local/lib/node_modules/bower/node_modules/bower-json/node_modules/intersect
78 warn checkPermissions Missing write access to /usr/local/lib/node_modules/bower/node_modules/bower-registry-client/node_modules/lru-cache
79 warn checkPermissions Missing write access to /usr/local/lib/node_modules/bower/node_modules/bower-registry-client/node_modules/mkdirp
80 warn checkPermissions Missing write access to /usr/local/lib/node_modules/bower/node_modules/bower-registry-client/node_modules/request/node_modules/aws-sign2
81 warn checkPermissions Missing write access to /usr/local/lib/node_modules/bower/node_modules/bower-registry-client/node_modules/request/node_modules/bl/node_modules/readable-stream/node_modules/core-util-is
82 warn checkPermissions Missing write access to /usr/local/lib/node_modules/bower/node_modules/bower-registry-client/node_modules/request/node_modules/bl/node_modules/readable-stream/node_modules/inherits
83 warn checkPermissions Missing write access to /usr/local/lib/node_modules/bower/node_modules/bower-registry-client/node_modules/request/node_modules/bl/node_modules/readable-stream/node_modules/isarray
84 warn checkPermissions Missing write access to /usr/local/lib/node_modules/bower/node_modules/bower-registry-client/node_modules/request/node_modules/bl/node_modules/readable-stream/node_modules/string_decoder
85 warn checkPermissions Missing write access to /usr/local/lib/node_modules/bower/node_modules/bower-registry-client/node_modules/request/node_modules/bl/node_modules/readable-stream
86 warn checkPermissions Missing write access to /usr/local/lib/node_modules/bower/node_modules/bower-registry-client/node_modules/request/node_modules/bl
87 warn checkPermissions Missing write access to /usr/local/lib/node_modules/bower/node_modules/bower-registry-client/node_modules/request/node_modules/caseless
88 warn checkPermissions Missing write access to /usr/local/lib/node_modules/bower/node_modules/bower-registry-client/node_modules/request/node_modules/combined-stream/node_modules/delayed-stream
89 warn checkPermissions Missing write access to /usr/local/lib/node_modules/bower/node_modules/bower-registry-client/node_modules/request/node_modules/combined-stream
90 warn checkPermissions Missing write access to /usr/local/lib/node_modules/bower/node_modules/bower-registry-client/node_modules/request/node_modules/forever-agent
91 warn checkPermissions Missing write access to /usr/local/lib/node_modules/bower/node_modules/bower-registry-client/node_modules/request/node_modules/form-data/node_modules/async
92 warn checkPermissions Missing write access to /usr/local/lib/node_modules/bower/node_modules/bower-registry-client/node_modules/request/node_modules/form-data/node_modules/mime-types/node_modules/mime-db
93 warn checkPermissions Missing write access to /usr/local/lib/node_modules/bower/node_modules/bower-registry-client/node_modules/request/node_modules/form-data/node_modules/mime-types
94 warn checkPermissions Missing write access to /usr/local/lib/node_modules/bower/node_modules/bower-registry-client/node_modules/request/node_modules/form-data
95 warn checkPermissions Missing write access to /usr/local/lib/node_modules/bower/node_modules/bower-registry-client/node_modules/request/node_modules/hawk/node_modules/hoek
96 warn checkPermissions Missing write access to /usr/local/lib/node_modules/bower/node_modules/bower-registry-client/node_modules/request/node_modules/hawk/node_modules/boom
97 warn checkPermissions Missing write access to /usr/local/lib/node_modules/bower/node_modules/bower-registry-client/node_modules/request/node_modules/hawk/node_modules/cryptiles
98 warn checkPermissions Missing write access to /usr/local/lib/node_modules/bower/node_modules/bower-registry-client/node_modules/request/node_modules/hawk/node_modules/sntp
99 warn checkPermissions Missing write access to /usr/local/lib/node_modules/bower/node_modules/bower-registry-client/node_modules/request/node_modules/hawk
100 warn checkPermissions Missing write access to /usr/local/lib/node_modules/bower/node_modules/bower-registry-client/node_modules/request/node_modules/http-signature/node_modules/asn1
101 warn checkPermissions Missing write access to /usr/local/lib/node_modules/bower/node_modules/bower-registry-client/node_modules/request/node_modules/http-signature/node_modules/assert-plus
102 warn checkPermissions Missing write access to /usr/local/lib/node_modules/bower/node_modules/bower-registry-client/node_modules/request/node_modules/http-signature
103 warn checkPermissions Missing write access to /usr/local/lib/node_modules/bower/node_modules/bower-registry-client/node_modules/request/node_modules/http-signature/node_modules/ctype
104 warn checkPermissions Missing write access to /usr/local/lib/node_modules/bower/node_modules/bower-registry-client/node_modules/request/node_modules/json-stringify-safe
105 warn checkPermissions Missing write access to /usr/local/lib/node_modules/bower/node_modules/bower-registry-client/node_modules/request/node_modules/mime-types
106 warn checkPermissions Missing write access to /usr/local/lib/node_modules/bower/node_modules/bower-registry-client/node_modules/request/node_modules/node-uuid
107 warn checkPermissions Missing write access to /usr/local/lib/node_modules/bower/node_modules/bower-registry-client/node_modules/request/node_modules/oauth-sign
108 warn checkPermissions Missing write access to /usr/local/lib/node_modules/bower/node_modules/bower-registry-client/node_modules/request/node_modules/qs
109 warn checkPermissions Missing write access to /usr/local/lib/node_modules/bower/node_modules/bower-registry-client/node_modules/request/node_modules/tough-cookie
110 warn checkPermissions Missing write access to /usr/local/lib/node_modules/bower/node_modules/bower-registry-client/node_modules/request/node_modules/stringstream
111 warn checkPermissions Missing write access to /usr/local/lib/node_modules/bower/node_modules/bower-registry-client/node_modules/request/node_modules/tunnel-agent
112 warn checkPermissions Missing write access to /usr/local/lib/node_modules/bower/node_modules/bower-registry-client/node_modules/request
113 warn checkPermissions Missing write access to /usr/local/lib/node_modules/bower/node_modules/bower-registry-client/node_modules/rimraf
114 warn checkPermissions Missing write access to /usr/local/lib/node_modules/bower/node_modules/cardinal/node_modules/ansicolors
115 warn checkPermissions Missing write access to /usr/local/lib/node_modules/bower/node_modules/cardinal/node_modules/redeyed/node_modules/esprima
116 warn checkPermissions Missing write access to /usr/local/lib/node_modules/bower/node_modules/cardinal/node_modules/redeyed
117 warn checkPermissions Missing write access to /usr/local/lib/node_modules/bower/node_modules/chalk/node_modules/ansi-styles
118 warn checkPermissions Missing write access to /usr/local/lib/node_modules/bower/node_modules/chalk/node_modules/escape-string-regexp
119 warn checkPermissions Missing write access to /usr/local/lib/node_modules/bower/node_modules/chalk/node_modules/has-ansi/node_modules/ansi-regex
120 warn checkPermissions Missing write access to /usr/local/lib/node_modules/bower/node_modules/chalk/node_modules/has-ansi
121 warn checkPermissions Missing write access to /usr/local/lib/node_modules/bower/node_modules/chalk/node_modules/strip-ansi/node_modules/ansi-regex
122 warn checkPermissions Missing write access to /usr/local/lib/node_modules/bower/node_modules/chalk/node_modules/strip-ansi
123 warn checkPermissions Missing write access to /usr/local/lib/node_modules/bower/node_modules/chalk/node_modules/supports-color
124 warn checkPermissions Missing write access to /usr/local/lib/node_modules/bower/node_modules/chalk
125 warn checkPermissions Missing write access to /usr/local/lib/node_modules/bower/node_modules/configstore/node_modules/js-yaml/node_modules/argparse/node_modules/lodash
126 warn checkPermissions Missing write access to /usr/local/lib/node_modules/bower/node_modules/configstore/node_modules/js-yaml/node_modules/argparse/node_modules/sprintf-js
127 warn checkPermissions Missing write access to /usr/local/lib/node_modules/bower/node_modules/configstore/node_modules/js-yaml/node_modules/argparse
128 warn checkPermissions Missing write access to /usr/local/lib/node_modules/bower/node_modules/configstore/node_modules/js-yaml/node_modules/esprima
129 warn checkPermissions Missing write access to /usr/local/lib/node_modules/bower/node_modules/configstore/node_modules/js-yaml
130 warn checkPermissions Missing write access to /usr/local/lib/node_modules/bower/node_modules/configstore/node_modules/object-assign
131 warn checkPermissions Missing write access to /usr/local/lib/node_modules/bower/node_modules/configstore/node_modules/osenv/node_modules/os-homedir
132 warn checkPermissions Missing write access to /usr/local/lib/node_modules/bower/node_modules/configstore/node_modules/osenv/node_modules/os-tmpdir
133 warn checkPermissions Missing write access to /usr/local/lib/node_modules/bower/node_modules/configstore/node_modules/osenv
134 warn checkPermissions Missing write access to /usr/local/lib/node_modules/bower/node_modules/configstore/node_modules/uuid
135 warn checkPermissions Missing write access to /usr/local/lib/node_modules/bower/node_modules/decompress-zip/node_modules/binary/node_modules/buffers
136 warn checkPermissions Missing write access to /usr/local/lib/node_modules/bower/node_modules/decompress-zip/node_modules/binary/node_modules/chainsaw
137 warn checkPermissions Missing write access to /usr/local/lib/node_modules/bower/node_modules/decompress-zip/node_modules/binary/node_modules/chainsaw/node_modules/traverse
138 warn checkPermissions Missing write access to /usr/local/lib/node_modules/bower/node_modules/decompress-zip/node_modules/binary
139 warn checkPermissions Missing write access to /usr/local/lib/node_modules/bower/node_modules/decompress-zip/node_modules/mkpath
140 warn checkPermissions Missing write access to /usr/local/lib/node_modules/bower/node_modules/decompress-zip/node_modules/readable-stream/node_modules/core-util-is
141 warn checkPermissions Missing write access to /usr/local/lib/node_modules/bower/node_modules/decompress-zip/node_modules/readable-stream/node_modules/inherits
142 warn checkPermissions Missing write access to /usr/local/lib/node_modules/bower/node_modules/decompress-zip/node_modules/readable-stream/node_modules/isarray
143 warn checkPermissions Missing write access to /usr/local/lib/node_modules/bower/node_modules/decompress-zip/node_modules/readable-stream/node_modules/string_decoder
144 warn checkPermissions Missing write access to /usr/local/lib/node_modules/bower/node_modules/decompress-zip/node_modules/readable-stream
145 warn checkPermissions Missing write access to /usr/local/lib/node_modules/bower/node_modules/decompress-zip/node_modules/touch/node_modules/nopt
146 warn checkPermissions Missing write access to /usr/local/lib/node_modules/bower/node_modules/decompress-zip/node_modules/touch
147 warn checkPermissions Missing write access to /usr/local/lib/node_modules/bower/node_modules/fstream-ignore/node_modules/inherits
148 warn checkPermissions Missing write access to /usr/local/lib/node_modules/bower/node_modules/fstream-ignore/node_modules/minimatch/node_modules/brace-expansion/node_modules/balanced-match
149 warn checkPermissions Missing write access to /usr/local/lib/node_modules/bower/node_modules/fstream-ignore/node_modules/minimatch/node_modules/brace-expansion/node_modules/concat-map
150 warn checkPermissions Missing write access to /usr/local/lib/node_modules/bower/node_modules/fstream-ignore/node_modules/minimatch/node_modules/brace-expansion
151 warn checkPermissions Missing write access to /usr/local/lib/node_modules/bower/node_modules/fstream-ignore/node_modules/minimatch
152 warn checkPermissions Missing write access to /usr/local/lib/node_modules/bower/node_modules/fstream/node_modules/graceful-fs
153 warn checkPermissions Missing write access to /usr/local/lib/node_modules/bower/node_modules/fstream/node_modules/inherits
154 warn checkPermissions Missing write access to /usr/local/lib/node_modules/bower/node_modules/github/node_modules/mime
155 warn checkPermissions Missing write access to /usr/local/lib/node_modules/bower/node_modules/glob/node_modules/inflight/node_modules/wrappy
156 warn checkPermissions Missing write access to /usr/local/lib/node_modules/bower/node_modules/glob/node_modules/inherits
157 warn checkPermissions Missing write access to /usr/local/lib/node_modules/bower/node_modules/glob/node_modules/minimatch/node_modules/brace-expansion/node_modules/balanced-match
158 warn checkPermissions Missing write access to /usr/local/lib/node_modules/bower/node_modules/glob/node_modules/minimatch/node_modules/brace-expansion/node_modules/concat-map
159 warn checkPermissions Missing write access to /usr/local/lib/node_modules/bower/node_modules/glob/node_modules/minimatch/node_modules/brace-expansion
160 warn checkPermissions Missing write access to /usr/local/lib/node_modules/bower/node_modules/glob/node_modules/minimatch
161 warn checkPermissions Missing write access to /usr/local/lib/node_modules/bower/node_modules/glob/node_modules/once/node_modules/wrappy
162 warn checkPermissions Missing write access to /usr/local/lib/node_modules/bower/node_modules/glob/node_modules/once
163 warn checkPermissions Missing write access to /usr/local/lib/node_modules/bower/node_modules/glob/node_modules/inflight
164 warn checkPermissions Missing write access to /usr/local/lib/node_modules/bower/node_modules/graceful-fs
165 warn checkPermissions Missing write access to /usr/local/lib/node_modules/bower/node_modules/handlebars/node_modules/optimist/node_modules/wordwrap
166 warn checkPermissions Missing write access to /usr/local/lib/node_modules/bower/node_modules/handlebars/node_modules/optimist
167 warn checkPermissions Missing write access to /usr/local/lib/node_modules/bower/node_modules/handlebars/node_modules/uglify-js/node_modules/async
168 warn checkPermissions Missing write access to /usr/local/lib/node_modules/bower/node_modules/handlebars/node_modules/uglify-js/node_modules/source-map/node_modules/amdefine
169 warn checkPermissions Missing write access to /usr/local/lib/node_modules/bower/node_modules/handlebars/node_modules/uglify-js/node_modules/source-map
170 warn checkPermissions Missing write access to /usr/local/lib/node_modules/bower/node_modules/handlebars/node_modules/uglify-js
171 warn checkPermissions Missing write access to /usr/local/lib/node_modules/bower/node_modules/inquirer/node_modules/ansi-regex
172 warn checkPermissions Missing write access to /usr/local/lib/node_modules/bower/node_modules/inquirer/node_modules/chalk/node_modules/ansi-styles
173 warn checkPermissions Missing write access to /usr/local/lib/node_modules/bower/node_modules/inquirer/node_modules/chalk/node_modules/escape-string-regexp
174 warn checkPermissions Missing write access to /usr/local/lib/node_modules/bower/node_modules/inquirer/node_modules/chalk/node_modules/has-ansi/node_modules/ansi-regex
175 warn checkPermissions Missing write access to /usr/local/lib/node_modules/bower/node_modules/inquirer/node_modules/chalk/node_modules/has-ansi
176 warn checkPermissions Missing write access to /usr/local/lib/node_modules/bower/node_modules/inquirer/node_modules/chalk/node_modules/strip-ansi/node_modules/ansi-regex
177 warn checkPermissions Missing write access to /usr/local/lib/node_modules/bower/node_modules/inquirer/node_modules/chalk/node_modules/strip-ansi
178 warn checkPermissions Missing write access to /usr/local/lib/node_modules/bower/node_modules/inquirer/node_modules/chalk/node_modules/supports-color
179 warn checkPermissions Missing write access to /usr/local/lib/node_modules/bower/node_modules/inquirer/node_modules/chalk
180 warn checkPermissions Missing write access to /usr/local/lib/node_modules/bower/node_modules/inquirer/node_modules/cli-color/node_modules/es5-ext/node_modules/es6-symbol
181 warn checkPermissions Missing write access to /usr/local/lib/node_modules/bower/node_modules/inquirer/node_modules/cli-color/node_modules/es5-ext/node_modules/es6-iterator
182 warn checkPermissions Missing write access to /usr/local/lib/node_modules/bower/node_modules/inquirer/node_modules/cli-color/node_modules/es5-ext
183 warn checkPermissions Missing write access to /usr/local/lib/node_modules/bower/node_modules/inquirer/node_modules/cli-color/node_modules/d
184 warn checkPermissions Missing write access to /usr/local/lib/node_modules/bower/node_modules/inquirer/node_modules/cli-color/node_modules/memoizee/node_modules/es6-weak-map/node_modules/es6-symbol
185 warn checkPermissions Missing write access to /usr/local/lib/node_modules/bower/node_modules/inquirer/node_modules/cli-color/node_modules/memoizee/node_modules/es6-weak-map/node_modules/es6-iterator
186 warn checkPermissions Missing write access to /usr/local/lib/node_modules/bower/node_modules/inquirer/node_modules/cli-color/node_modules/memoizee/node_modules/es6-weak-map
187 warn checkPermissions Missing write access to /usr/local/lib/node_modules/bower/node_modules/inquirer/node_modules/cli-color/node_modules/memoizee/node_modules/event-emitter
188 warn checkPermissions Missing write access to /usr/local/lib/node_modules/bower/node_modules/inquirer/node_modules/cli-color/node_modules/memoizee/node_modules/lru-queue
189 warn checkPermissions Missing write access to /usr/local/lib/node_modules/bower/node_modules/inquirer/node_modules/cli-color/node_modules/memoizee/node_modules/next-tick
190 warn checkPermissions Missing write access to /usr/local/lib/node_modules/bower/node_modules/inquirer/node_modules/cli-color/node_modules/timers-ext/node_modules/next-tick
191 warn checkPermissions Missing write access to /usr/local/lib/node_modules/bower/node_modules/inquirer/node_modules/cli-color/node_modules/timers-ext
192 warn checkPermissions Missing write access to /usr/local/lib/node_modules/bower/node_modules/inquirer/node_modules/cli-color/node_modules/memoizee
193 warn checkPermissions Missing write access to /usr/local/lib/node_modules/bower/node_modules/inquirer/node_modules/cli-color
194 warn checkPermissions Missing write access to /usr/local/lib/node_modules/bower/node_modules/inquirer/node_modules/figures
195 warn checkPermissions Missing write access to /usr/local/lib/node_modules/bower/node_modules/inquirer/node_modules/lodash
196 warn checkPermissions Missing write access to /usr/local/lib/node_modules/bower/node_modules/inquirer/node_modules/mute-stream
197 warn checkPermissions Missing write access to /usr/local/lib/node_modules/bower/node_modules/inquirer/node_modules/readline2/node_modules/strip-ansi
198 warn checkPermissions Missing write access to /usr/local/lib/node_modules/bower/node_modules/inquirer/node_modules/readline2
199 warn checkPermissions Missing write access to /usr/local/lib/node_modules/bower/node_modules/inquirer/node_modules/rx
200 warn checkPermissions Missing write access to /usr/local/lib/node_modules/bower/node_modules/inquirer/node_modules/through
201 warn checkPermissions Missing write access to /usr/local/lib/node_modules/bower/node_modules/insight/node_modules/async
202 warn checkPermissions Missing write access to /usr/local/lib/node_modules/bower/node_modules/insight/node_modules/configstore/node_modules/graceful-fs
203 warn checkPermissions Missing write access to /usr/local/lib/node_modules/bower/node_modules/insight/node_modules/configstore/node_modules/object-assign
204 warn checkPermissions Missing write access to /usr/local/lib/node_modules/bower/node_modules/insight/node_modules/configstore/node_modules/os-tmpdir
205 warn checkPermissions Missing write access to /usr/local/lib/node_modules/bower/node_modules/insight/node_modules/configstore/node_modules/osenv/node_modules/os-homedir
206 warn checkPermissions Missing write access to /usr/local/lib/node_modules/bower/node_modules/insight/node_modules/configstore/node_modules/osenv
207 warn checkPermissions Missing write access to /usr/local/lib/node_modules/bower/node_modules/insight/node_modules/configstore/node_modules/uuid
208 warn checkPermissions Missing write access to /usr/local/lib/node_modules/bower/node_modules/insight/node_modules/configstore/node_modules/write-file-atomic/node_modules/slide
209 warn checkPermissions Missing write access to /usr/local/lib/node_modules/bower/node_modules/insight/node_modules/configstore/node_modules/write-file-atomic
210 warn checkPermissions Missing write access to /usr/local/lib/node_modules/bower/node_modules/insight/node_modules/configstore/node_modules/xdg-basedir/node_modules/os-homedir
211 warn checkPermissions Missing write access to /usr/local/lib/node_modules/bower/node_modules/insight/node_modules/configstore/node_modules/xdg-basedir
212 warn checkPermissions Missing write access to /usr/local/lib/node_modules/bower/node_modules/insight/node_modules/inquirer/node_modules/ansi-escapes
213 warn checkPermissions Missing write access to /usr/local/lib/node_modules/bower/node_modules/insight/node_modules/inquirer/node_modules/ansi-regex
214 warn checkPermissions Missing write access to /usr/local/lib/node_modules/bower/node_modules/insight/node_modules/inquirer/node_modules/cli-cursor/node_modules/restore-cursor/node_modules/exit-hook
215 warn checkPermissions Missing write access to /usr/local/lib/node_modules/bower/node_modules/insight/node_modules/inquirer/node_modules/cli-cursor/node_modules/restore-cursor/node_modules/onetime
216 warn checkPermissions Missing write access to /usr/local/lib/node_modules/bower/node_modules/insight/node_modules/inquirer/node_modules/cli-cursor/node_modules/restore-cursor
217 warn checkPermissions Missing write access to /usr/local/lib/node_modules/bower/node_modules/insight/node_modules/inquirer/node_modules/cli-cursor
218 warn checkPermissions Missing write access to /usr/local/lib/node_modules/bower/node_modules/insight/node_modules/inquirer/node_modules/cli-width
219 warn checkPermissions Missing write access to /usr/local/lib/node_modules/bower/node_modules/insight/node_modules/inquirer/node_modules/figures
220 warn checkPermissions Missing write access to /usr/local/lib/node_modules/bower/node_modules/insight/node_modules/inquirer/node_modules/lodash
221 warn checkPermissions Missing write access to /usr/local/lib/node_modules/bower/node_modules/insight/node_modules/inquirer/node_modules/readline2/node_modules/code-point-at/node_modules/number-is-nan
222 warn checkPermissions Missing write access to /usr/local/lib/node_modules/bower/node_modules/insight/node_modules/inquirer/node_modules/readline2/node_modules/code-point-at
223 warn checkPermissions Missing write access to /usr/local/lib/node_modules/bower/node_modules/insight/node_modules/inquirer/node_modules/readline2/node_modules/is-fullwidth-code-point/node_modules/number-is-nan
224 warn checkPermissions Missing write access to /usr/local/lib/node_modules/bower/node_modules/insight/node_modules/inquirer/node_modules/readline2/node_modules/is-fullwidth-code-point
225 warn checkPermissions Missing write access to /usr/local/lib/node_modules/bower/node_modules/insight/node_modules/inquirer/node_modules/readline2/node_modules/mute-stream
226 warn checkPermissions Missing write access to /usr/local/lib/node_modules/bower/node_modules/insight/node_modules/inquirer/node_modules/readline2
227 warn checkPermissions Missing write access to /usr/local/lib/node_modules/bower/node_modules/insight/node_modules/inquirer/node_modules/run-async/node_modules/once/node_modules/wrappy
228 warn checkPermissions Missing write access to /usr/local/lib/node_modules/bower/node_modules/insight/node_modules/inquirer/node_modules/run-async/node_modules/once
229 warn checkPermissions Missing write access to /usr/local/lib/node_modules/bower/node_modules/insight/node_modules/inquirer/node_modules/run-async
230 warn checkPermissions Missing write access to /usr/local/lib/node_modules/bower/node_modules/insight/node_modules/inquirer/node_modules/rx-lite
231 warn checkPermissions Missing write access to /usr/local/lib/node_modules/bower/node_modules/insight/node_modules/inquirer/node_modules/strip-ansi
232 warn checkPermissions Missing write access to /usr/local/lib/node_modules/bower/node_modules/insight/node_modules/inquirer/node_modules/through
233 warn checkPermissions Missing write access to /usr/local/lib/node_modules/bower/node_modules/insight/node_modules/inquirer
234 warn checkPermissions Missing write access to /usr/local/lib/node_modules/bower/node_modules/insight/node_modules/lodash.debounce/node_modules/lodash._getnative
235 warn checkPermissions Missing write access to /usr/local/lib/node_modules/bower/node_modules/insight/node_modules/lodash.debounce
236 warn checkPermissions Missing write access to /usr/local/lib/node_modules/bower/node_modules/insight/node_modules/object-assign
237 warn checkPermissions Missing write access to /usr/local/lib/node_modules/bower/node_modules/insight/node_modules/os-name/node_modules/osx-release/node_modules/minimist
238 warn checkPermissions Missing write access to /usr/local/lib/node_modules/bower/node_modules/insight/node_modules/os-name/node_modules/osx-release
239 warn checkPermissions Missing write access to /usr/local/lib/node_modules/bower/node_modules/insight/node_modules/os-name/node_modules/win-release/node_modules/semver
240 warn checkPermissions Missing write access to /usr/local/lib/node_modules/bower/node_modules/insight/node_modules/os-name/node_modules/win-release
241 warn checkPermissions Missing write access to /usr/local/lib/node_modules/bower/node_modules/insight/node_modules/os-name
242 warn checkPermissions Missing write access to /usr/local/lib/node_modules/bower/node_modules/insight/node_modules/tough-cookie
243 warn checkPermissions Missing write access to /usr/local/lib/node_modules/bower/node_modules/md5-hex/node_modules/md5-o-matic
244 warn checkPermissions Missing write access to /usr/local/lib/node_modules/bower/node_modules/mkdirp/node_modules/minimist
245 warn checkPermissions Missing write access to /usr/local/lib/node_modules/bower/node_modules/mkdirp
246 warn checkPermissions Missing write access to /usr/local/lib/node_modules/bower/node_modules/insight/node_modules/configstore
247 warn checkPermissions Missing write access to /usr/local/lib/node_modules/bower/node_modules/nopt
248 warn checkPermissions Missing write access to /usr/local/lib/node_modules/bower/node_modules/p-throttler/node_modules/q
249 warn checkPermissions Missing write access to /usr/local/lib/node_modules/bower/node_modules/promptly/node_modules/read/node_modules/mute-stream
250 warn checkPermissions Missing write access to /usr/local/lib/node_modules/bower/node_modules/promptly/node_modules/read
251 warn checkPermissions Missing write access to /usr/local/lib/node_modules/bower/node_modules/q
252 warn checkPermissions Missing write access to /usr/local/lib/node_modules/bower/node_modules/request-progress/node_modules/throttleit
253 warn checkPermissions Missing write access to /usr/local/lib/node_modules/bower/node_modules/request/node_modules/aws-sign2
254 warn checkPermissions Missing write access to /usr/local/lib/node_modules/bower/node_modules/request/node_modules/bl/node_modules/readable-stream/node_modules/core-util-is
255 warn checkPermissions Missing write access to /usr/local/lib/node_modules/bower/node_modules/request/node_modules/bl/node_modules/readable-stream/node_modules/inherits
256 warn checkPermissions Missing write access to /usr/local/lib/node_modules/bower/node_modules/request/node_modules/bl/node_modules/readable-stream/node_modules/isarray
257 warn checkPermissions Missing write access to /usr/local/lib/node_modules/bower/node_modules/request/node_modules/bl/node_modules/readable-stream/node_modules/string_decoder
258 warn checkPermissions Missing write access to /usr/local/lib/node_modules/bower/node_modules/request/node_modules/bl/node_modules/readable-stream
259 warn checkPermissions Missing write access to /usr/local/lib/node_modules/bower/node_modules/request/node_modules/bl
260 warn checkPermissions Missing write access to /usr/local/lib/node_modules/bower/node_modules/request/node_modules/caseless
261 warn checkPermissions Missing write access to /usr/local/lib/node_modules/bower/node_modules/request/node_modules/combined-stream/node_modules/delayed-stream
262 warn checkPermissions Missing write access to /usr/local/lib/node_modules/bower/node_modules/request/node_modules/combined-stream
263 warn checkPermissions Missing write access to /usr/local/lib/node_modules/bower/node_modules/request/node_modules/forever-agent
264 warn checkPermissions Missing write access to /usr/local/lib/node_modules/bower/node_modules/request/node_modules/form-data/node_modules/async
265 warn checkPermissions Missing write access to /usr/local/lib/node_modules/bower/node_modules/request/node_modules/hawk/node_modules/hoek
266 warn checkPermissions Missing write access to /usr/local/lib/node_modules/bower/node_modules/request/node_modules/hawk/node_modules/boom
267 warn checkPermissions Missing write access to /usr/local/lib/node_modules/bower/node_modules/request/node_modules/hawk/node_modules/cryptiles
268 warn checkPermissions Missing write access to /usr/local/lib/node_modules/bower/node_modules/request/node_modules/hawk/node_modules/sntp
269 warn checkPermissions Missing write access to /usr/local/lib/node_modules/bower/node_modules/request/node_modules/hawk
270 warn checkPermissions Missing write access to /usr/local/lib/node_modules/bower/node_modules/request/node_modules/http-signature/node_modules/asn1
271 warn checkPermissions Missing write access to /usr/local/lib/node_modules/bower/node_modules/request/node_modules/http-signature/node_modules/assert-plus
272 warn checkPermissions Missing write access to /usr/local/lib/node_modules/bower/node_modules/request/node_modules/http-signature/node_modules/ctype
273 warn checkPermissions Missing write access to /usr/local/lib/node_modules/bower/node_modules/request/node_modules/http-signature
274 warn checkPermissions Missing write access to /usr/local/lib/node_modules/bower/node_modules/request/node_modules/isstream
275 warn checkPermissions Missing write access to /usr/local/lib/node_modules/bower/node_modules/request/node_modules/json-stringify-safe
276 warn checkPermissions Missing write access to /usr/local/lib/node_modules/bower/node_modules/request/node_modules/mime-types/node_modules/mime-db
277 warn checkPermissions Missing write access to /usr/local/lib/node_modules/bower/node_modules/request/node_modules/mime-types
278 warn checkPermissions Missing write access to /usr/local/lib/node_modules/bower/node_modules/request/node_modules/form-data
279 warn checkPermissions Missing write access to /usr/local/lib/node_modules/bower/node_modules/request/node_modules/node-uuid
280 warn checkPermissions Missing write access to /usr/local/lib/node_modules/bower/node_modules/request/node_modules/oauth-sign
281 warn checkPermissions Missing write access to /usr/local/lib/node_modules/bower/node_modules/request/node_modules/qs
282 warn checkPermissions Missing write access to /usr/local/lib/node_modules/bower/node_modules/request/node_modules/stringstream
283 warn checkPermissions Missing write access to /usr/local/lib/node_modules/bower/node_modules/request/node_modules/tough-cookie
284 warn checkPermissions Missing write access to /usr/local/lib/node_modules/bower/node_modules/request/node_modules/tunnel-agent
285 warn checkPermissions Missing write access to /usr/local/lib/node_modules/bower/node_modules/request
286 warn checkPermissions Missing write access to /usr/local/lib/node_modules/bower/node_modules/retry
287 warn checkPermissions Missing write access to /usr/local/lib/node_modules/bower/node_modules/bower-registry-client/node_modules/request-replay
288 warn checkPermissions Missing write access to /usr/local/lib/node_modules/bower/node_modules/rimraf/node_modules/glob/node_modules/inflight/node_modules/wrappy
289 warn checkPermissions Missing write access to /usr/local/lib/node_modules/bower/node_modules/rimraf/node_modules/glob/node_modules/inherits
290 warn checkPermissions Missing write access to /usr/local/lib/node_modules/bower/node_modules/rimraf/node_modules/glob/node_modules/minimatch/node_modules/brace-expansion/node_modules/balanced-match
291 warn checkPermissions Missing write access to /usr/local/lib/node_modules/bower/node_modules/rimraf/node_modules/glob/node_modules/minimatch/node_modules/brace-expansion/node_modules/concat-map
292 warn checkPermissions Missing write access to /usr/local/lib/node_modules/bower/node_modules/rimraf/node_modules/glob/node_modules/minimatch/node_modules/brace-expansion
293 warn checkPermissions Missing write access to /usr/local/lib/node_modules/bower/node_modules/rimraf/node_modules/glob/node_modules/minimatch
294 warn checkPermissions Missing write access to /usr/local/lib/node_modules/bower/node_modules/rimraf/node_modules/glob/node_modules/once/node_modules/wrappy
295 warn checkPermissions Missing write access to /usr/local/lib/node_modules/bower/node_modules/rimraf/node_modules/glob/node_modules/once
296 warn checkPermissions Missing write access to /usr/local/lib/node_modules/bower/node_modules/rimraf/node_modules/glob/node_modules/inflight
297 warn checkPermissions Missing write access to /usr/local/lib/node_modules/bower/node_modules/rimraf/node_modules/glob/node_modules/path-is-absolute
298 warn checkPermissions Missing write access to /usr/local/lib/node_modules/bower/node_modules/rimraf/node_modules/glob
299 warn checkPermissions Missing write access to /usr/local/lib/node_modules/bower/node_modules/rimraf
300 warn checkPermissions Missing write access to /usr/local/lib/node_modules/bower/node_modules/fstream
301 warn checkPermissions Missing write access to /usr/local/lib/node_modules/bower/node_modules/shell-quote/node_modules/array-filter
302 warn checkPermissions Missing write access to /usr/local/lib/node_modules/bower/node_modules/shell-quote/node_modules/array-map
303 warn checkPermissions Missing write access to /usr/local/lib/node_modules/bower/node_modules/shell-quote/node_modules/array-reduce
304 warn checkPermissions Missing write access to /usr/local/lib/node_modules/bower/node_modules/shell-quote/node_modules/jsonify
305 warn checkPermissions Missing write access to /usr/local/lib/node_modules/bower/node_modules/tar-fs/node_modules/pump/node_modules/once/node_modules/wrappy
306 warn checkPermissions Missing write access to /usr/local/lib/node_modules/bower/node_modules/tar-fs/node_modules/pump/node_modules/once
307 warn checkPermissions Missing write access to /usr/local/lib/node_modules/bower/node_modules/tar-fs/node_modules/pump/node_modules/end-of-stream
308 warn checkPermissions Missing write access to /usr/local/lib/node_modules/bower/node_modules/tar-fs/node_modules/pump
309 warn checkPermissions Missing write access to /usr/local/lib/node_modules/bower/node_modules/tar-fs/node_modules/tar-stream/node_modules/end-of-stream/node_modules/once/node_modules/wrappy
310 warn checkPermissions Missing write access to /usr/local/lib/node_modules/bower/node_modules/tar-fs/node_modules/tar-stream/node_modules/end-of-stream/node_modules/once
311 warn checkPermissions Missing write access to /usr/local/lib/node_modules/bower/node_modules/tar-fs/node_modules/tar-stream/node_modules/end-of-stream
312 warn checkPermissions Missing write access to /usr/local/lib/node_modules/bower/node_modules/tar-fs/node_modules/tar-stream/node_modules/readable-stream/node_modules/core-util-is
313 warn checkPermissions Missing write access to /usr/local/lib/node_modules/bower/node_modules/tar-fs/node_modules/tar-stream/node_modules/readable-stream/node_modules/inherits
314 warn checkPermissions Missing write access to /usr/local/lib/node_modules/bower/node_modules/tar-fs/node_modules/tar-stream/node_modules/readable-stream/node_modules/isarray
315 warn checkPermissions Missing write access to /usr/local/lib/node_modules/bower/node_modules/tar-fs/node_modules/tar-stream/node_modules/readable-stream/node_modules/process-nextick-args
316 warn checkPermissions Missing write access to /usr/local/lib/node_modules/bower/node_modules/tar-fs/node_modules/tar-stream/node_modules/readable-stream/node_modules/string_decoder
317 warn checkPermissions Missing write access to /usr/local/lib/node_modules/bower/node_modules/tar-fs/node_modules/tar-stream/node_modules/readable-stream/node_modules/util-deprecate
318 warn checkPermissions Missing write access to /usr/local/lib/node_modules/bower/node_modules/tar-fs/node_modules/tar-stream/node_modules/readable-stream
319 warn checkPermissions Missing write access to /usr/local/lib/node_modules/bower/node_modules/tar-fs/node_modules/tar-stream/node_modules/bl
320 warn checkPermissions Missing write access to /usr/local/lib/node_modules/bower/node_modules/tar-fs/node_modules/tar-stream/node_modules/xtend
321 warn checkPermissions Missing write access to /usr/local/lib/node_modules/bower/node_modules/tar-fs/node_modules/tar-stream
322 warn checkPermissions Missing write access to /usr/local/lib/node_modules/bower/node_modules/update-notifier/node_modules/is-npm
323 warn checkPermissions Missing write access to /usr/local/lib/node_modules/bower/node_modules/update-notifier/node_modules/latest-version/node_modules/package-json/node_modules/got/node_modules/duplexify/node_modules/end-of-stream/node_modules/once/node_modules/wrappy
324 warn checkPermissions Missing write access to /usr/local/lib/node_modules/bower/node_modules/update-notifier/node_modules/latest-version/node_modules/package-json/node_modules/got/node_modules/duplexify/node_modules/end-of-stream/node_modules/once
325 warn checkPermissions Missing write access to /usr/local/lib/node_modules/bower/node_modules/update-notifier/node_modules/latest-version/node_modules/package-json/node_modules/got/node_modules/duplexify/node_modules/end-of-stream
326 warn checkPermissions Missing write access to /usr/local/lib/node_modules/bower/node_modules/update-notifier/node_modules/latest-version/node_modules/package-json/node_modules/got/node_modules/duplexify/node_modules/readable-stream/node_modules/core-util-is
327 warn checkPermissions Missing write access to /usr/local/lib/node_modules/bower/node_modules/update-notifier/node_modules/latest-version/node_modules/package-json/node_modules/got/node_modules/duplexify/node_modules/readable-stream/node_modules/inherits
328 warn checkPermissions Missing write access to /usr/local/lib/node_modules/bower/node_modules/update-notifier/node_modules/latest-version/node_modules/package-json/node_modules/got/node_modules/duplexify/node_modules/readable-stream/node_modules/isarray
329 warn checkPermissions Missing write access to /usr/local/lib/node_modules/bower/node_modules/update-notifier/node_modules/latest-version/node_modules/package-json/node_modules/got/node_modules/duplexify/node_modules/readable-stream/node_modules/process-nextick-args
330 warn checkPermissions Missing write access to /usr/local/lib/node_modules/bower/node_modules/update-notifier/node_modules/latest-version/node_modules/package-json/node_modules/got/node_modules/duplexify/node_modules/readable-stream/node_modules/string_decoder
331 warn checkPermissions Missing write access to /usr/local/lib/node_modules/bower/node_modules/update-notifier/node_modules/latest-version/node_modules/package-json/node_modules/got/node_modules/duplexify/node_modules/readable-stream/node_modules/util-deprecate
332 warn checkPermissions Missing write access to /usr/local/lib/node_modules/bower/node_modules/update-notifier/node_modules/latest-version/node_modules/package-json/node_modules/got/node_modules/duplexify/node_modules/readable-stream
333 warn checkPermissions Missing write access to /usr/local/lib/node_modules/bower/node_modules/update-notifier/node_modules/latest-version/node_modules/package-json/node_modules/got/node_modules/duplexify
334 warn checkPermissions Missing write access to /usr/local/lib/node_modules/bower/node_modules/update-notifier/node_modules/latest-version/node_modules/package-json/node_modules/got/node_modules/infinity-agent
335 warn checkPermissions Missing write access to /usr/local/lib/node_modules/bower/node_modules/update-notifier/node_modules/latest-version/node_modules/package-json/node_modules/got/node_modules/is-redirect
336 warn checkPermissions Missing write access to /usr/local/lib/node_modules/bower/node_modules/update-notifier/node_modules/latest-version/node_modules/package-json/node_modules/got/node_modules/is-stream
337 warn checkPermissions Missing write access to /usr/local/lib/node_modules/bower/node_modules/update-notifier/node_modules/latest-version/node_modules/package-json/node_modules/got/node_modules/lowercase-keys
338 warn checkPermissions Missing write access to /usr/local/lib/node_modules/bower/node_modules/update-notifier/node_modules/latest-version/node_modules/package-json/node_modules/got/node_modules/nested-error-stacks/node_modules/inherits
339 warn checkPermissions Missing write access to /usr/local/lib/node_modules/bower/node_modules/update-notifier/node_modules/latest-version/node_modules/package-json/node_modules/got/node_modules/nested-error-stacks
340 warn checkPermissions Missing write access to /usr/local/lib/node_modules/bower/node_modules/update-notifier/node_modules/latest-version/node_modules/package-json/node_modules/got/node_modules/object-assign
341 warn checkPermissions Missing write access to /usr/local/lib/node_modules/bower/node_modules/update-notifier/node_modules/latest-version/node_modules/package-json/node_modules/got/node_modules/prepend-http
342 warn checkPermissions Missing write access to /usr/local/lib/node_modules/bower/node_modules/update-notifier/node_modules/latest-version/node_modules/package-json/node_modules/got/node_modules/read-all-stream/node_modules/pinkie-promise/node_modules/pinkie
343 warn checkPermissions Missing write access to /usr/local/lib/node_modules/bower/node_modules/update-notifier/node_modules/latest-version/node_modules/package-json/node_modules/got/node_modules/read-all-stream/node_modules/pinkie-promise
344 warn checkPermissions Missing write access to /usr/local/lib/node_modules/bower/node_modules/update-notifier/node_modules/latest-version/node_modules/package-json/node_modules/got/node_modules/read-all-stream/node_modules/readable-stream/node_modules/core-util-is
345 warn checkPermissions Missing write access to /usr/local/lib/node_modules/bower/node_modules/update-notifier/node_modules/latest-version/node_modules/package-json/node_modules/got/node_modules/read-all-stream/node_modules/readable-stream/node_modules/inherits
346 warn checkPermissions Missing write access to /usr/local/lib/node_modules/bower/node_modules/update-notifier/node_modules/latest-version/node_modules/package-json/node_modules/got/node_modules/read-all-stream/node_modules/readable-stream/node_modules/isarray
347 warn checkPermissions Missing write access to /usr/local/lib/node_modules/bower/node_modules/update-notifier/node_modules/latest-version/node_modules/package-json/node_modules/got/node_modules/read-all-stream/node_modules/readable-stream/node_modules/process-nextick-args
348 warn checkPermissions Missing write access to /usr/local/lib/node_modules/bower/node_modules/update-notifier/node_modules/latest-version/node_modules/package-json/node_modules/got/node_modules/read-all-stream/node_modules/readable-stream/node_modules/string_decoder
349 warn checkPermissions Missing write access to /usr/local/lib/node_modules/bower/node_modules/update-notifier/node_modules/latest-version/node_modules/package-json/node_modules/got/node_modules/read-all-stream/node_modules/readable-stream/node_modules/util-deprecate
350 warn checkPermissions Missing write access to /usr/local/lib/node_modules/bower/node_modules/update-notifier/node_modules/latest-version/node_modules/package-json/node_modules/got/node_modules/read-all-stream/node_modules/readable-stream
351 warn checkPermissions Missing write access to /usr/local/lib/node_modules/bower/node_modules/update-notifier/node_modules/latest-version/node_modules/package-json/node_modules/got/node_modules/read-all-stream
352 warn checkPermissions Missing write access to /usr/local/lib/node_modules/bower/node_modules/update-notifier/node_modules/latest-version/node_modules/package-json/node_modules/got/node_modules/timed-out
353 warn checkPermissions Missing write access to /usr/local/lib/node_modules/bower/node_modules/update-notifier/node_modules/latest-version/node_modules/package-json/node_modules/got
354 warn checkPermissions Missing write access to /usr/local/lib/node_modules/bower/node_modules/update-notifier/node_modules/latest-version/node_modules/package-json/node_modules/registry-url/node_modules/rc/node_modules/deep-extend
355 warn checkPermissions Missing write access to /usr/local/lib/node_modules/bower/node_modules/update-notifier/node_modules/latest-version/node_modules/package-json/node_modules/registry-url/node_modules/rc/node_modules/ini
356 warn checkPermissions Missing write access to /usr/local/lib/node_modules/bower/node_modules/update-notifier/node_modules/latest-version/node_modules/package-json/node_modules/registry-url/node_modules/rc/node_modules/minimist
357 warn checkPermissions Missing write access to /usr/local/lib/node_modules/bower/node_modules/update-notifier/node_modules/latest-version/node_modules/package-json/node_modules/registry-url/node_modules/rc/node_modules/strip-json-comments
358 warn checkPermissions Missing write access to /usr/local/lib/node_modules/bower/node_modules/update-notifier/node_modules/latest-version/node_modules/package-json/node_modules/registry-url/node_modules/rc
359 warn checkPermissions Missing write access to /usr/local/lib/node_modules/bower/node_modules/update-notifier/node_modules/latest-version/node_modules/package-json/node_modules/registry-url
360 warn checkPermissions Missing write access to /usr/local/lib/node_modules/bower/node_modules/update-notifier/node_modules/latest-version/node_modules/package-json
361 warn checkPermissions Missing write access to /usr/local/lib/node_modules/bower/node_modules/update-notifier/node_modules/latest-version
362 warn checkPermissions Missing write access to /usr/local/lib/node_modules/bower/node_modules/update-notifier/node_modules/semver-diff/node_modules/semver
363 warn checkPermissions Missing write access to /usr/local/lib/node_modules/bower/node_modules/update-notifier/node_modules/semver-diff
364 warn checkPermissions Missing write access to /usr/local/lib/node_modules/bower/node_modules/update-notifier/node_modules/string-length/node_modules/strip-ansi/node_modules/ansi-regex
365 warn checkPermissions Missing write access to /usr/local/lib/node_modules/bower/node_modules/update-notifier/node_modules/string-length/node_modules/strip-ansi
366 warn checkPermissions Missing write access to /usr/local/lib/node_modules/bower/node_modules/update-notifier/node_modules/string-length
367 warn checkPermissions Missing write access to /usr/local/lib/node_modules/bower/node_modules/user-home
368 warn checkPermissions Missing write access to /usr/local/lib/node_modules/bower/node_modules/configstore/node_modules/xdg-basedir
369 warn checkPermissions Missing write access to /usr/local/lib/node_modules/bower/node_modules/configstore
370 warn checkPermissions Missing write access to /usr/local/lib/node_modules/bower/node_modules/which/node_modules/is-absolute/node_modules/is-relative
371 warn checkPermissions Missing write access to /usr/local/lib/node_modules/bower/node_modules/which/node_modules/is-absolute
372 warn checkPermissions Missing write access to /usr/local/lib/node_modules/bower/node_modules/archy
373 warn checkPermissions Missing write access to /usr/local/lib/node_modules/bower/node_modules/bower-endpoint-parser
374 warn checkPermissions Missing write access to /usr/local/lib/node_modules/bower/node_modules/bower-json
375 warn checkPermissions Missing write access to /usr/local/lib/node_modules/bower/node_modules/bower-logger
376 warn checkPermissions Missing write access to /usr/local/lib/node_modules/bower/node_modules/bower-registry-client
377 warn checkPermissions Missing write access to /usr/local/lib/node_modules/bower/node_modules/cardinal
378 warn checkPermissions Missing write access to /usr/local/lib/node_modules/bower/node_modules/chmodr
379 warn checkPermissions Missing write access to /usr/local/lib/node_modules/bower/node_modules/decompress-zip
380 warn checkPermissions Missing write access to /usr/local/lib/node_modules/bower/node_modules/fstream-ignore
381 warn checkPermissions Missing write access to /usr/local/lib/node_modules/bower/node_modules/github
382 warn checkPermissions Missing write access to /usr/local/lib/node_modules/bower/node_modules/glob
383 warn checkPermissions Missing write access to /usr/local/lib/node_modules/bower/node_modules/inquirer
384 warn checkPermissions Missing write access to /usr/local/lib/node_modules/bower/node_modules/handlebars
385 warn checkPermissions Missing write access to /usr/local/lib/node_modules/bower/node_modules/insight
386 warn checkPermissions Missing write access to /usr/local/lib/node_modules/bower/node_modules/is-root
387 warn checkPermissions Missing write access to /usr/local/lib/node_modules/bower/node_modules/junk
388 warn checkPermissions Missing write access to /usr/local/lib/node_modules/bower/node_modules/lru-cache
389 warn checkPermissions Missing write access to /usr/local/lib/node_modules/bower/node_modules/lockfile
390 warn checkPermissions Missing write access to /usr/local/lib/node_modules/bower/node_modules/md5-hex
391 warn checkPermissions Missing write access to /usr/local/lib/node_modules/bower/node_modules/mout
392 warn checkPermissions Missing write access to /usr/local/lib/node_modules/bower/node_modules/opn
393 warn checkPermissions Missing write access to /usr/local/lib/node_modules/bower/node_modules/p-throttler
394 warn checkPermissions Missing write access to /usr/local/lib/node_modules/bower/node_modules/request-progress
395 warn checkPermissions Missing write access to /usr/local/lib/node_modules/bower/node_modules/promptly
396 warn checkPermissions Missing write access to /usr/local/lib/node_modules/bower/node_modules/semver
397 warn checkPermissions Missing write access to /usr/local/lib/node_modules/bower/node_modules/shell-quote
398 warn checkPermissions Missing write access to /usr/local/lib/node_modules/bower/node_modules/tar-fs
399 warn checkPermissions Missing write access to /usr/local/lib/node_modules/bower/node_modules/stringify-object
400 warn checkPermissions Missing write access to /usr/local/lib/node_modules/bower/node_modules/tmp
401 warn checkPermissions Missing write access to /usr/local/lib/node_modules/bower/node_modules/update-notifier
402 warn checkPermissions Missing write access to /usr/local/lib/node_modules/bower/node_modules/which
403 warn checkPermissions Missing write access to /usr/local/lib/node_modules/bower
404 warn checkPermissions Missing write access to /usr/local/lib/node_modules/bower/node_modules/bower-config/node_modules
405 warn checkPermissions Missing write access to /usr/local/lib/node_modules/bower/node_modules
406 warn checkPermissions Missing write access to /usr/local/lib/node_modules/bower/node_modules/bower-config/node_modules/optimist/node_modules
407 warn checkPermissions Missing write access to /usr/local/lib/node_modules/bower/node_modules/bower-json/node_modules
408 warn checkPermissions Missing write access to /usr/local/lib/node_modules/bower/node_modules/bower-registry-client/node_modules
409 warn checkPermissions Missing write access to /usr/local/lib/node_modules/bower/node_modules/bower-registry-client/node_modules/request/node_modules
410 warn checkPermissions Missing write access to /usr/local/lib/node_modules/bower/node_modules/bower-registry-client/node_modules/request/node_modules/bl/node_modules/readable-stream/node_modules
411 warn checkPermissions Missing write access to /usr/local/lib/node_modules/bower/node_modules/bower-registry-client/node_modules/request/node_modules/bl/node_modules
412 warn checkPermissions Missing write access to /usr/local/lib/node_modules/bower/node_modules/bower-registry-client/node_modules/request/node_modules/combined-stream/node_modules
413 warn checkPermissions Missing write access to /usr/local/lib/node_modules/bower/node_modules/bower-registry-client/node_modules/request/node_modules/form-data/node_modules
414 warn checkPermissions Missing write access to /usr/local/lib/node_modules/bower/node_modules/bower-registry-client/node_modules/request/node_modules/form-data/node_modules/mime-types/node_modules
415 warn checkPermissions Missing write access to /usr/local/lib/node_modules/bower/node_modules/bower-registry-client/node_modules/request/node_modules/hawk/node_modules
416 warn checkPermissions Missing write access to /usr/local/lib/node_modules/bower/node_modules/bower-registry-client/node_modules/request/node_modules/http-signature/node_modules
417 warn checkPermissions Missing write access to /usr/local/lib/node_modules/bower/node_modules/cardinal/node_modules
418 warn checkPermissions Missing write access to /usr/local/lib/node_modules/bower/node_modules/cardinal/node_modules/redeyed/node_modules
419 warn checkPermissions Missing write access to /usr/local/lib/node_modules/bower/node_modules/chalk/node_modules
420 warn checkPermissions Missing write access to /usr/local/lib/node_modules/bower/node_modules/chalk/node_modules/has-ansi/node_modules
421 warn checkPermissions Missing write access to /usr/local/lib/node_modules/bower/node_modules/chalk/node_modules/strip-ansi/node_modules
422 warn checkPermissions Missing write access to /usr/local/lib/node_modules/bower/node_modules/configstore/node_modules/js-yaml/node_modules/argparse/node_modules
423 warn checkPermissions Missing write access to /usr/local/lib/node_modules/bower/node_modules/configstore/node_modules/js-yaml/node_modules
424 warn checkPermissions Missing write access to /usr/local/lib/node_modules/bower/node_modules/configstore/node_modules
425 warn checkPermissions Missing write access to /usr/local/lib/node_modules/bower/node_modules/configstore/node_modules/osenv/node_modules
426 warn checkPermissions Missing write access to /usr/local/lib/node_modules/bower/node_modules/decompress-zip/node_modules/binary/node_modules
427 warn checkPermissions Missing write access to /usr/local/lib/node_modules/bower/node_modules/decompress-zip/node_modules/binary/node_modules/chainsaw/node_modules
428 warn checkPermissions Missing write access to /usr/local/lib/node_modules/bower/node_modules/decompress-zip/node_modules
429 warn checkPermissions Missing write access to /usr/local/lib/node_modules/bower/node_modules/decompress-zip/node_modules/readable-stream/node_modules
430 warn checkPermissions Missing write access to /usr/local/lib/node_modules/bower/node_modules/decompress-zip/node_modules/touch/node_modules
431 warn checkPermissions Missing write access to /usr/local/lib/node_modules/bower/node_modules/fstream-ignore/node_modules
432 warn checkPermissions Missing write access to /usr/local/lib/node_modules/bower/node_modules/fstream-ignore/node_modules/minimatch/node_modules/brace-expansion/node_modules
433 warn checkPermissions Missing write access to /usr/local/lib/node_modules/bower/node_modules/fstream-ignore/node_modules/minimatch/node_modules
434 warn checkPermissions Missing write access to /usr/local/lib/node_modules/bower/node_modules/fstream/node_modules
435 warn checkPermissions Missing write access to /usr/local/lib/node_modules/bower/node_modules/glob/node_modules/inflight/node_modules
436 warn checkPermissions Missing write access to /usr/local/lib/node_modules/bower/node_modules/github/node_modules
437 warn checkPermissions Missing write access to /usr/local/lib/node_modules/bower/node_modules/glob/node_modules
438 warn checkPermissions Missing write access to /usr/local/lib/node_modules/bower/node_modules/glob/node_modules/minimatch/node_modules/brace-expansion/node_modules
439 warn checkPermissions Missing write access to /usr/local/lib/node_modules/bower/node_modules/glob/node_modules/minimatch/node_modules
440 warn checkPermissions Missing write access to /usr/local/lib/node_modules/bower/node_modules/glob/node_modules/once/node_modules
441 warn checkPermissions Missing write access to /usr/local/lib/node_modules/bower/node_modules/handlebars/node_modules/optimist/node_modules
442 warn checkPermissions Missing write access to /usr/local/lib/node_modules/bower/node_modules/handlebars/node_modules
443 warn checkPermissions Missing write access to /usr/local/lib/node_modules/bower/node_modules/handlebars/node_modules/uglify-js/node_modules
444 warn checkPermissions Missing write access to /usr/local/lib/node_modules/bower/node_modules/handlebars/node_modules/uglify-js/node_modules/source-map/node_modules
445 warn checkPermissions Missing write access to /usr/local/lib/node_modules/bower/node_modules/inquirer/node_modules
446 warn checkPermissions Missing write access to /usr/local/lib/node_modules/bower/node_modules/inquirer/node_modules/chalk/node_modules
447 warn checkPermissions Missing write access to /usr/local/lib/node_modules/bower/node_modules/inquirer/node_modules/chalk/node_modules/has-ansi/node_modules
448 warn checkPermissions Missing write access to /usr/local/lib/node_modules/bower/node_modules/inquirer/node_modules/chalk/node_modules/strip-ansi/node_modules
449 warn checkPermissions Missing write access to /usr/local/lib/node_modules/bower/node_modules/inquirer/node_modules/cli-color/node_modules/es5-ext/node_modules
450 warn checkPermissions Missing write access to /usr/local/lib/node_modules/bower/node_modules/inquirer/node_modules/cli-color/node_modules
451 warn checkPermissions Missing write access to /usr/local/lib/node_modules/bower/node_modules/inquirer/node_modules/cli-color/node_modules/memoizee/node_modules/es6-weak-map/node_modules
452 warn checkPermissions Missing write access to /usr/local/lib/node_modules/bower/node_modules/inquirer/node_modules/cli-color/node_modules/memoizee/node_modules
453 warn checkPermissions Missing write access to /usr/local/lib/node_modules/bower/node_modules/inquirer/node_modules/cli-color/node_modules/timers-ext/node_modules
454 warn checkPermissions Missing write access to /usr/local/lib/node_modules/bower/node_modules/inquirer/node_modules/readline2/node_modules
455 warn checkPermissions Missing write access to /usr/local/lib/node_modules/bower/node_modules/insight/node_modules
456 warn checkPermissions Missing write access to /usr/local/lib/node_modules/bower/node_modules/insight/node_modules/configstore/node_modules
457 warn checkPermissions Missing write access to /usr/local/lib/node_modules/bower/node_modules/insight/node_modules/configstore/node_modules/osenv/node_modules
458 warn checkPermissions Missing write access to /usr/local/lib/node_modules/bower/node_modules/insight/node_modules/configstore/node_modules/write-file-atomic/node_modules
459 warn checkPermissions Missing write access to /usr/local/lib/node_modules/bower/node_modules/insight/node_modules/configstore/node_modules/xdg-basedir/node_modules
460 warn checkPermissions Missing write access to /usr/local/lib/node_modules/bower/node_modules/insight/node_modules/inquirer/node_modules
461 warn checkPermissions Missing write access to /usr/local/lib/node_modules/bower/node_modules/insight/node_modules/inquirer/node_modules/cli-cursor/node_modules/restore-cursor/node_modules
462 warn checkPermissions Missing write access to /usr/local/lib/node_modules/bower/node_modules/insight/node_modules/inquirer/node_modules/cli-cursor/node_modules
463 warn checkPermissions Missing write access to /usr/local/lib/node_modules/bower/node_modules/insight/node_modules/inquirer/node_modules/readline2/node_modules/code-point-at/node_modules
464 warn checkPermissions Missing write access to /usr/local/lib/node_modules/bower/node_modules/insight/node_modules/inquirer/node_modules/readline2/node_modules
465 warn checkPermissions Missing write access to /usr/local/lib/node_modules/bower/node_modules/insight/node_modules/inquirer/node_modules/readline2/node_modules/is-fullwidth-code-point/node_modules
466 warn checkPermissions Missing write access to /usr/local/lib/node_modules/bower/node_modules/insight/node_modules/inquirer/node_modules/run-async/node_modules/once/node_modules
467 warn checkPermissions Missing write access to /usr/local/lib/node_modules/bower/node_modules/insight/node_modules/inquirer/node_modules/run-async/node_modules
468 warn checkPermissions Missing write access to /usr/local/lib/node_modules/bower/node_modules/insight/node_modules/lodash.debounce/node_modules
469 warn checkPermissions Missing write access to /usr/local/lib/node_modules/bower/node_modules/insight/node_modules/os-name/node_modules/osx-release/node_modules
470 warn checkPermissions Missing write access to /usr/local/lib/node_modules/bower/node_modules/insight/node_modules/os-name/node_modules
471 warn checkPermissions Missing write access to /usr/local/lib/node_modules/bower/node_modules/insight/node_modules/os-name/node_modules/win-release/node_modules
472 warn checkPermissions Missing write access to /usr/local/lib/node_modules/bower/node_modules/md5-hex/node_modules
473 warn checkPermissions Missing write access to /usr/local/lib/node_modules/bower/node_modules/mkdirp/node_modules
474 warn checkPermissions Missing write access to /usr/local/lib/node_modules/bower/node_modules/p-throttler/node_modules
475 warn checkPermissions Missing write access to /usr/local/lib/node_modules/bower/node_modules/promptly/node_modules/read/node_modules
476 warn checkPermissions Missing write access to /usr/local/lib/node_modules/bower/node_modules/promptly/node_modules
477 warn checkPermissions Missing write access to /usr/local/lib/node_modules/bower/node_modules/request-progress/node_modules
478 warn checkPermissions Missing write access to /usr/local/lib/node_modules/bower/node_modules/request/node_modules
479 warn checkPermissions Missing write access to /usr/local/lib/node_modules/bower/node_modules/request/node_modules/bl/node_modules/readable-stream/node_modules
480 warn checkPermissions Missing write access to /usr/local/lib/node_modules/bower/node_modules/request/node_modules/bl/node_modules
481 warn checkPermissions Missing write access to /usr/local/lib/node_modules/bower/node_modules/request/node_modules/combined-stream/node_modules
482 warn checkPermissions Missing write access to /usr/local/lib/node_modules/bower/node_modules/request/node_modules/form-data/node_modules
483 warn checkPermissions Missing write access to /usr/local/lib/node_modules/bower/node_modules/request/node_modules/hawk/node_modules
484 warn checkPermissions Missing write access to /usr/local/lib/node_modules/bower/node_modules/request/node_modules/http-signature/node_modules
485 warn checkPermissions Missing write access to /usr/local/lib/node_modules/bower/node_modules/request/node_modules/mime-types/node_modules
486 warn checkPermissions Missing write access to /usr/local/lib/node_modules/bower/node_modules/rimraf/node_modules/glob/node_modules/inflight/node_modules
487 warn checkPermissions Missing write access to /usr/local/lib/node_modules/bower/node_modules/rimraf/node_modules/glob/node_modules
488 warn checkPermissions Missing write access to /usr/local/lib/node_modules/bower/node_modules/rimraf/node_modules/glob/node_modules/minimatch/node_modules/brace-expansion/node_modules
489 warn checkPermissions Missing write access to /usr/local/lib/node_modules/bower/node_modules/rimraf/node_modules/glob/node_modules/minimatch/node_modules
490 warn checkPermissions Missing write access to /usr/local/lib/node_modules/bower/node_modules/rimraf/node_modules/glob/node_modules/once/node_modules
491 warn checkPermissions Missing write access to /usr/local/lib/node_modules/bower/node_modules/rimraf/node_modules
492 warn checkPermissions Missing write access to /usr/local/lib/node_modules/bower/node_modules/shell-quote/node_modules
493 warn checkPermissions Missing write access to /usr/local/lib/node_modules/bower/node_modules/tar-fs/node_modules/pump/node_modules/once/node_modules
494 warn checkPermissions Missing write access to /usr/local/lib/node_modules/bower/node_modules/tar-fs/node_modules/pump/node_modules
495 warn checkPermissions Missing write access to /usr/local/lib/node_modules/bower/node_modules/tar-fs/node_modules
496 warn checkPermissions Missing write access to /usr/local/lib/node_modules/bower/node_modules/tar-fs/node_modules/tar-stream/node_modules/end-of-stream/node_modules/once/node_modules
497 warn checkPermissions Missing write access to /usr/local/lib/node_modules/bower/node_modules/tar-fs/node_modules/tar-stream/node_modules/end-of-stream/node_modules
498 warn checkPermissions Missing write access to /usr/local/lib/node_modules/bower/node_modules/tar-fs/node_modules/tar-stream/node_modules
499 warn checkPermissions Missing write access to /usr/local/lib/node_modules/bower/node_modules/tar-fs/node_modules/tar-stream/node_modules/readable-stream/node_modules
500 warn checkPermissions Missing write access to /usr/local/lib/node_modules/bower/node_modules/update-notifier/node_modules
501 warn checkPermissions Missing write access to /usr/local/lib/node_modules/bower/node_modules/update-notifier/node_modules/latest-version/node_modules/package-json/node_modules/got/node_modules/duplexify/node_modules/end-of-stream/node_modules/once/node_modules
502 warn checkPermissions Missing write access to /usr/local/lib/node_modules/bower/node_modules/update-notifier/node_modules/latest-version/node_modules/package-json/node_modules/got/node_modules/duplexify/node_modules/end-of-stream/node_modules
503 warn checkPermissions Missing write access to /usr/local/lib/node_modules/bower/node_modules/update-notifier/node_modules/latest-version/node_modules/package-json/node_modules/got/node_modules/duplexify/node_modules
504 warn checkPermissions Missing write access to /usr/local/lib/node_modules/bower/node_modules/update-notifier/node_modules/latest-version/node_modules/package-json/node_modules/got/node_modules/duplexify/node_modules/readable-stream/node_modules
505 warn checkPermissions Missing write access to /usr/local/lib/node_modules/bower/node_modules/update-notifier/node_modules/latest-version/node_modules/package-json/node_modules/got/node_modules
506 warn checkPermissions Missing write access to /usr/local/lib/node_modules/bower/node_modules/update-notifier/node_modules/latest-version/node_modules/package-json/node_modules/got/node_modules/nested-error-stacks/node_modules
507 warn checkPermissions Missing write access to /usr/local/lib/node_modules/bower/node_modules/update-notifier/node_modules/latest-version/node_modules/package-json/node_modules/got/node_modules/read-all-stream/node_modules/pinkie-promise/node_modules
508 warn checkPermissions Missing write access to /usr/local/lib/node_modules/bower/node_modules/update-notifier/node_modules/latest-version/node_modules/package-json/node_modules/got/node_modules/read-all-stream/node_modules
509 warn checkPermissions Missing write access to /usr/local/lib/node_modules/bower/node_modules/update-notifier/node_modules/latest-version/node_modules/package-json/node_modules/got/node_modules/read-all-stream/node_modules/readable-stream/node_modules
510 warn checkPermissions Missing write access to /usr/local/lib/node_modules/bower/node_modules/update-notifier/node_modules/latest-version/node_modules/package-json/node_modules
511 warn checkPermissions Missing write access to /usr/local/lib/node_modules/bower/node_modules/update-notifier/node_modules/latest-version/node_modules/package-json/node_modules/registry-url/node_modules/rc/node_modules
512 warn checkPermissions Missing write access to /usr/local/lib/node_modules/bower/node_modules/update-notifier/node_modules/latest-version/node_modules/package-json/node_modules/registry-url/node_modules
513 warn checkPermissions Missing write access to /usr/local/lib/node_modules/bower/node_modules/update-notifier/node_modules/latest-version/node_modules
514 warn checkPermissions Missing write access to /usr/local/lib/node_modules/bower/node_modules/update-notifier/node_modules/semver-diff/node_modules
515 warn checkPermissions Missing write access to /usr/local/lib/node_modules/bower/node_modules/update-notifier/node_modules/string-length/node_modules/strip-ansi/node_modules
516 warn checkPermissions Missing write access to /usr/local/lib/node_modules/bower/node_modules/update-notifier/node_modules/string-length/node_modules
517 warn checkPermissions Missing write access to /usr/local/lib/node_modules/bower/node_modules/which/node_modules
518 warn checkPermissions Missing write access to /usr/local/lib/node_modules/bower/node_modules/which/node_modules/is-absolute/node_modules
519 silly rollbackFailedOptional Starting
520 silly rollbackFailedOptional Finishing
521 silly runTopLevelLifecycles Finishing
522 silly install printInstalled
523 verbose stack Error: EACCES: permission denied, access '/usr/local/lib/node_modules/bower/node_modules/bower-config/node_modules/graceful-fs'
523 verbose stack     at Error (native)
524 verbose cwd /Users/marlondc/Code/prototypes/tic-tac-toe
525 error Darwin 14.5.0
526 error argv "/usr/local/bin/node" "/usr/local/bin/npm" "install" "bower" "-g"
527 error node v6.6.0
528 error npm  v4.0.1
529 error path /usr/local/lib/node_modules/bower/node_modules/bower-config/node_modules/graceful-fs
530 error code EACCES
531 error errno -13
532 error syscall access
533 error Error: EACCES: permission denied, access '/usr/local/lib/node_modules/bower/node_modules/bower-config/node_modules/graceful-fs'
533 error     at Error (native)
533 error  { Error: EACCES: permission denied, access '/usr/local/lib/node_modules/bower/node_modules/bower-config/node_modules/graceful-fs'
533 error     at Error (native)
533 error   errno: -13,
533 error   code: 'EACCES',
533 error   syscall: 'access',
533 error   path: '/usr/local/lib/node_modules/bower/node_modules/bower-config/node_modules/graceful-fs' }
534 error Please try running this command again as root/Administrator.
535 verbose exit [ -13, true ]
